<?xml version="1.0" encoding="UTF-8"?>
<!-- Generated by org.testng.reporters.JUnitReportReporter -->
<testsuite hostname="Hp" failures="0" tests="5" name="com.service.PriorityTestExample" time="0.016" errors="0" timestamp="2025-07-14T14:43:17 IST" skipped="0">
  <testcase classname="com.service.PriorityTestExample" name="b" time="0.011"/>
  <system-out/>
  <testcase classname="com.service.PriorityTestExample" name="A" time="0.001"/>
  <system-out/>
  <testcase classname="com.service.PriorityTestExample" name="a" time="0.000"/>
  <system-out/>
  <testcase classname="com.service.PriorityTestExample" name="c" time="0.001"/>
  <system-out/>
  <testcase classname="com.service.PriorityTestExample" name="d" time="0.003"/>
  <system-out/>
</testsuite> <!-- com.service.PriorityTestExample -->
