<?xml version="1.0" encoding="UTF-8"?>
<!-- Generated by org.testng.reporters.JUnitReportReporter -->
<testsuite hostname="Hp" failures="0" tests="3" name="com.service.LoginServiceTest" time="0.013" errors="0" timestamp="2025-07-14T14:59:31 IST" skipped="0">
  <testcase classname="com.service.LoginServiceTest" name="checkLoginDetailsTest" time="0.001"/>
  <system-out/>
  <testcase classname="com.service.LoginServiceTest" name="checkLoginDetailsTest" time="0.011"/>
  <system-out/>
  <testcase classname="com.service.LoginServiceTest" name="checkLoginDetailsTest" time="0.001"/>
  <system-out/>
</testsuite> <!-- com.service.LoginServiceTest -->
