<?xml version="1.0" encoding="UTF-8"?>
<!-- Generated by org.testng.reporters.JUnitReportReporter -->
<testsuite hostname="Hp" failures="0" tests="2" name="com.service.OperationTest" time="0.032" errors="0" timestamp="2025-07-11T17:43:09 IST" skipped="0">
  <testcase classname="com.service.OperationTest" name="subTest" time="0.003"/>
  <system-out/>
  <testcase classname="com.service.OperationTest" name="addTest" time="0.029"/>
  <system-out/>
</testsuite> <!-- com.service.OperationTest -->
