<?xml version="1.0" encoding="UTF-8"?>
<!-- Generated by org.testng.reporters.JUnitReportReporter -->
<testsuite hostname="Hp" failures="0" tests="1" name="com.service.Sbi" time="0.008" errors="0" timestamp="2025-07-14T15:19:40 IST" skipped="0">
  <testcase classname="com.service.Sbi" name="withdraw" time="0.008"/>
  <system-out/>
</testsuite> <!-- com.service.Sbi -->
