<?xml version="1.0" encoding="UTF-8"?>
<!-- Generated by org.testng.reporters.JUnitReportReporter -->
<testsuite hostname="Hp" failures="0" tests="1" name="com.service.OperationTest" time="0.003" errors="0" timestamp="2025-07-14T14:34:29 IST" skipped="0">
  <testcase classname="com.service.OperationTest" name="addTest" time="0.003"/>
  <system-out/>
</testsuite> <!-- com.service.OperationTest -->
