<?xml version="1.0" encoding="UTF-8"?>
<!-- Generated by org.testng.reporters.JUnitReportReporter -->
<testsuite hostname="Hp" failures="0" tests="6" name="com.test.LoginPageTest" time="30.255" errors="0" timestamp="2025-07-15T15:22:58 IST" skipped="0">
  <testcase classname="com.test.LoginPageTest" name="loginAutomationTestPage" time="5.375"/>
  <system-out/>
  <testcase classname="com.test.LoginPageTest" name="loginAutomationTestPage" time="6.080"/>
  <system-out/>
  <testcase classname="com.test.LoginPageTest" name="loginAutomationTestPage" time="6.110"/>
  <system-out/>
  <testcase classname="com.test.LoginPageTest" name="loginAutomationTestPage" time="5.453"/>
  <system-out/>
  <testcase classname="com.test.LoginPageTest" name="loginAutomationTestPage" time="5.426"/>
  <system-out/>
  <testcase classname="com.test.LoginPageTest" name="practiceTestPageTest" time="1.811"/>
  <system-out/>
</testsuite> <!-- com.test.LoginPageTest -->
