<?xml version="1.0" encoding="UTF-8"?>
<!-- Generated by org.testng.reporters.JUnitReportReporter -->
<testsuite hostname="Hp" failures="0" tests="6" name="com.test.LoginPageTest" time="30.908" errors="0" timestamp="2025-07-15T15:35:25 IST" skipped="0">
  <testcase classname="com.test.LoginPageTest" name="practiceTestPageTest" time="1.825"/>
  <system-out/>
  <testcase classname="com.test.LoginPageTest" name="loginAutomationTestPage" time="5.493"/>
  <system-out/>
  <testcase classname="com.test.LoginPageTest" name="loginAutomationTestPage" time="5.507"/>
  <system-out/>
  <testcase classname="com.test.LoginPageTest" name="loginAutomationTestPage" time="6.145"/>
  <system-out/>
  <testcase classname="com.test.LoginPageTest" name="loginAutomationTestPage" time="6.338"/>
  <system-out/>
  <testcase classname="com.test.LoginPageTest" name="loginAutomationTestPage" time="5.600"/>
  <system-out/>
</testsuite> <!-- com.test.LoginPageTest -->
