<?xml version="1.0" encoding="UTF-8"?>
<!-- Generated by org.testng.reporters.JUnitReportReporter -->
<testsuite hostname="Hp" failures="0" tests="1" name="com.test.GooglePageTest" time="4.484" errors="0" timestamp="2025-07-15T14:36:01 IST" skipped="0">
  <testcase classname="com.test.GooglePageTest" name="googlePageTest" time="4.484"/>
  <system-out/>
</testsuite> <!-- com.test.GooglePageTest -->
